# JRE version: OpenJDK Runtime Environment Temurin-17.0.8+7 (17.0.8+7) (build 17.0.8+7)
# Java VM: OpenJDK 64-Bit Server VM Temurin-17.0.8+7 (17.0.8+7, mixed mode, sharing, tiered, compressed oops, compressed class ptrs, g1 gc, windows-amd64)
GC Precious Log:
 CPUs: 32 total, 32 available
 Memory: 32472M
 Large Page Support: Disabled
 NUMA Support: Disabled
 Compressed Oops: Enabled (Zero based)
 Heap Region Size: 16M
 Heap Min Capacity: 256M
 Heap Initial Capacity: 256M
 Heap Max Capacity: 20G
 Pre-touch: Disabled
 Parallel Workers: 23
 Concurrent Workers: 6
 Concurrent Refinement Workers: 23
 Periodic GC: Disabled
Heap:
 garbage-first heap   total 3932160K, used 2271193K [0x0000000300000000, 0x0000000800000000)
  region size 16384K, 57 young (933888K), 5 survivors (81920K)
 Metaspace       used 347242K, committed 350080K, reserved 1376256K
  class space    used 75138K, committed 76352K, reserved 1048576K
GC Heap History (20 events):
Event: 42.574 GC heap before
{Heap before GC invocations=79 (full 0):
 garbage-first heap   total 1769472K, used 1451167K [0x0000000300000000, 0x0000000800000000)
  region size 16384K, 37 young (606208K), 5 survivors (81920K)
 Metaspace       used 320098K, committed 322624K, reserved 1310720K
  class space    used 70711K, committed 71808K, reserved 1048576K
}
Event: 42.589 GC heap after
{Heap after GC invocations=80 (full 0):
 garbage-first heap   total 1769472K, used 963106K [0x0000000300000000, 0x0000000800000000)
  region size 16384K, 3 young (49152K), 3 survivors (49152K)
 Metaspace       used 320098K, committed 322624K, reserved 1310720K
  class space    used 70711K, committed 71808K, reserved 1048576K
}
Event: 42.770 GC heap before
{Heap before GC invocations=80 (full 0):
 garbage-first heap   total 1769472K, used 1454626K [0x0000000300000000, 0x0000000800000000)
  region size 16384K, 33 young (540672K), 3 survivors (49152K)
 Metaspace       used 321438K, committed 323968K, reserved 1310720K
  class space    used 70985K, committed 72064K, reserved 1048576K
}
Event: 42.780 GC heap after
{Heap after GC invocations=81 (full 0):
 garbage-first heap   total 1769472K, used 998111K [0x0000000300000000, 0x0000000800000000)
  region size 16384K, 5 young (81920K), 5 survivors (81920K)
 Metaspace       used 321438K, committed 323968K, reserved 1310720K
  class space    used 70985K, committed 72064K, reserved 1048576K
}
Event: 42.979 GC heap before
{Heap before GC invocations=82 (full 0):
 garbage-first heap   total 1949696K, used 1440479K [0x0000000300000000, 0x0000000800000000)
  region size 16384K, 33 young (540672K), 5 survivors (81920K)
 Metaspace       used 322450K, committed 324992K, reserved 1310720K
  class space    used 71201K, committed 72320K, reserved 1048576K
}
Event: 42.993 GC heap after
{Heap after GC invocations=83 (full 0):
 garbage-first heap   total 1949696K, used 1028235K [0x0000000300000000, 0x0000000800000000)
  region size 16384K, 5 young (81920K), 5 survivors (81920K)
 Metaspace       used 322450K, committed 324992K, reserved 1310720K
  class space    used 71201K, committed 72320K, reserved 1048576K
}
Event: 43.379 GC heap before
{Heap before GC invocations=83 (full 0):
 garbage-first heap   total 1949696K, used 1601675K [0x0000000300000000, 0x0000000800000000)
  region size 16384K, 40 young (655360K), 5 survivors (81920K)
 Metaspace       used 323543K, committed 326016K, reserved 1310720K
  class space    used 71391K, committed 72448K, reserved 1048576K
}
Event: 43.388 GC heap after
{Heap after GC invocations=84 (full 0):
 garbage-first heap   total 1949696K, used 1036831K [0x0000000300000000, 0x0000000800000000)
  region size 16384K, 3 young (49152K), 3 survivors (49152K)
 Metaspace       used 323543K, committed 326016K, reserved 1310720K
  class space    used 71391K, committed 72448K, reserved 1048576K
}
Event: 44.126 GC heap before
{Heap before GC invocations=85 (full 0):
 garbage-first heap   total 1966080K, used 1626655K [0x0000000300000000, 0x0000000800000000)
  region size 16384K, 39 young (638976K), 3 survivors (49152K)
 Metaspace       used 323939K, committed 326464K, reserved 1310720K
  class space    used 71449K, committed 72576K, reserved 1048576K
}
Event: 44.133 GC heap after
{Heap after GC invocations=86 (full 0):
 garbage-first heap   total 1966080K, used 1049617K [0x0000000300000000, 0x0000000800000000)
  region size 16384K, 2 young (32768K), 2 survivors (32768K)
 Metaspace       used 323939K, committed 326464K, reserved 1310720K
  class space    used 71449K, committed 72576K, reserved 1048576K
}
Event: 44.196 GC heap before
{Heap before GC invocations=86 (full 0):
 garbage-first heap   total 1966080K, used 1115153K [0x0000000300000000, 0x0000000800000000)
  region size 16384K, 6 young (98304K), 2 survivors (32768K)
 Metaspace       used 324059K, committed 326592K, reserved 1310720K
  class space    used 71459K, committed 72576K, reserved 1048576K
}
Event: 44.204 GC heap after
{Heap after GC invocations=87 (full 0):
 garbage-first heap   total 3932160K, used 1048988K [0x0000000300000000, 0x0000000800000000)
  region size 16384K, 1 young (16384K), 1 survivors (16384K)
 Metaspace       used 324059K, committed 326592K, reserved 1310720K
  class space    used 71459K, committed 72576K, reserved 1048576K
}
Event: 45.129 GC heap before
{Heap before GC invocations=87 (full 0):
 garbage-first heap   total 3932160K, used 3162524K [0x0000000300000000, 0x0000000800000000)
  region size 16384K, 131 young (2146304K), 1 survivors (16384K)
 Metaspace       used 324935K, committed 327424K, reserved 1310720K
  class space    used 71623K, committed 72704K, reserved 1048576K
}
Event: 45.137 GC heap after
{Heap after GC invocations=88 (full 0):
 garbage-first heap   total 3932160K, used 1079965K [0x0000000300000000, 0x0000000800000000)
  region size 16384K, 3 young (49152K), 3 survivors (49152K)
 Metaspace       used 324935K, committed 327424K, reserved 1310720K
  class space    used 71623K, committed 72704K, reserved 1048576K
}
Event: 47.507 GC heap before
{Heap before GC invocations=88 (full 0):
 garbage-first heap   total 3932160K, used 3291805K [0x0000000300000000, 0x0000000800000000)
  region size 16384K, 139 young (2277376K), 3 survivors (49152K)
 Metaspace       used 333353K, committed 335872K, reserved 1376256K
  class space    used 73155K, committed 74240K, reserved 1048576K
}
Event: 47.541 GC heap after
{Heap after GC invocations=89 (full 0):
 garbage-first heap   total 3932160K, used 1165689K [0x0000000300000000, 0x0000000800000000)
  region size 16384K, 8 young (131072K), 8 survivors (131072K)
 Metaspace       used 333353K, committed 335872K, reserved 1376256K
  class space    used 73155K, committed 74240K, reserved 1048576K
}
Event: 50.271 GC heap before
{Heap before GC invocations=89 (full 0):
 garbage-first heap   total 3932160K, used 3295609K [0x0000000300000000, 0x0000000800000000)
  region size 16384K, 138 young (2260992K), 8 survivors (131072K)
 Metaspace       used 336120K, committed 338624K, reserved 1376256K
  class space    used 73591K, committed 74688K, reserved 1048576K
}
Event: 50.327 GC heap after
{Heap after GC invocations=90 (full 0):
 garbage-first heap   total 3932160K, used 1371034K [0x0000000300000000, 0x0000000800000000)
  region size 16384K, 18 young (294912K), 18 survivors (294912K)
 Metaspace       used 336120K, committed 338624K, reserved 1376256K
  class space    used 73591K, committed 74688K, reserved 1048576K
}
Event: 52.063 GC heap before
{Heap before GC invocations=90 (full 0):
 garbage-first heap   total 3932160K, used 3189658K [0x0000000300000000, 0x0000000800000000)
  region size 16384K, 130 young (2129920K), 18 survivors (294912K)
 Metaspace       used 339251K, committed 341824K, reserved 1376256K
  class space    used 74084K, committed 75200K, reserved 1048576K
}
Event: 52.114 GC heap after
{Heap after GC invocations=91 (full 0):
 garbage-first heap   total 3932160K, used 1451993K [0x0000000300000000, 0x0000000800000000)
  region size 16384K, 5 young (81920K), 5 survivors (81920K)
 Metaspace       used 339251K, committed 341824K, reserved 1376256K
  class space    used 74084K, committed 75200K, reserved 1048576K
}

