# JRE version: OpenJDK Runtime Environment Temurin-17.0.8+7 (17.0.8+7) (build 17.0.8+7)
# Java VM: OpenJDK 64-Bit Server VM Temurin-17.0.8+7 (17.0.8+7, mixed mode, sharing, tiered, compressed oops, compressed class ptrs, g1 gc, windows-amd64)
GC Precious Log:
 CPUs: 32 total, 32 available
 Memory: 32472M
 Large Page Support: Disabled
 NUMA Support: Disabled
 Compressed Oops: Enabled (Zero based)
 Heap Region Size: 16M
 Heap Min Capacity: 256M
 Heap Initial Capacity: 256M
 Heap Max Capacity: 20G
 Pre-touch: Disabled
 Parallel Workers: 23
 Concurrent Workers: 6
 Concurrent Refinement Workers: 23
 Periodic GC: Disabled
Heap:
 garbage-first heap   total 262144K, used 138380K [0x0000000300000000, 0x0000000800000000)
  region size 16384K, 5 young (81920K), 1 survivors (16384K)
 Metaspace       used 14810K, committed 15104K, reserved 1114112K
  class space    used 1778K, committed 1984K, reserved 1048576K
GC Heap History (20 events):
Event: 0.720 GC heap before
{Heap before GC invocations=1 (full 0):
 garbage-first heap   total 262144K, used 26166K [0x0000000300000000, 0x0000000800000000)
  region size 16384K, 2 young (32768K), 1 survivors (16384K)
 Metaspace       used 4446K, committed 4672K, reserved 1114112K
  class space    used 461K, committed 576K, reserved 1048576K
}
Event: 0.723 GC heap after
{Heap after GC invocations=2 (full 0):
 garbage-first heap   total 262144K, used 9630K [0x0000000300000000, 0x0000000800000000)
  region size 16384K, 1 young (16384K), 1 survivors (16384K)
 Metaspace       used 4446K, committed 4672K, reserved 1114112K
  class space    used 461K, committed 576K, reserved 1048576K
}
Event: 0.845 GC heap before
{Heap before GC invocations=2 (full 0):
 garbage-first heap   total 262144K, used 42398K [0x0000000300000000, 0x0000000800000000)
  region size 16384K, 3 young (49152K), 1 survivors (16384K)
 Metaspace       used 4584K, committed 4800K, reserved 1114112K
  class space    used 477K, committed 640K, reserved 1048576K
}
Event: 0.846 GC heap after
{Heap after GC invocations=3 (full 0):
 garbage-first heap   total 262144K, used 12233K [0x0000000300000000, 0x0000000800000000)
  region size 16384K, 1 young (16384K), 1 survivors (16384K)
 Metaspace       used 4584K, committed 4800K, reserved 1114112K
  class space    used 477K, committed 640K, reserved 1048576K
}
Event: 1.305 GC heap before
{Heap before GC invocations=3 (full 0):
 garbage-first heap   total 262144K, used 143305K [0x0000000300000000, 0x0000000800000000)
  region size 16384K, 9 young (147456K), 1 survivors (16384K)
 Metaspace       used 4771K, committed 5056K, reserved 1114112K
  class space    used 486K, committed 640K, reserved 1048576K
}
Event: 1.309 GC heap after
{Heap after GC invocations=4 (full 0):
 garbage-first heap   total 262144K, used 19996K [0x0000000300000000, 0x0000000800000000)
  region size 16384K, 1 young (16384K), 1 survivors (16384K)
 Metaspace       used 4771K, committed 5056K, reserved 1114112K
  class space    used 486K, committed 640K, reserved 1048576K
}
Event: 1.477 GC heap before
{Heap before GC invocations=4 (full 0):
 garbage-first heap   total 262144K, used 151068K [0x0000000300000000, 0x0000000800000000)
  region size 16384K, 9 young (147456K), 1 survivors (16384K)
 Metaspace       used 4814K, committed 5056K, reserved 1114112K
  class space    used 487K, committed 640K, reserved 1048576K
}
Event: 1.480 GC heap after
{Heap after GC invocations=5 (full 0):
 garbage-first heap   total 262144K, used 26754K [0x0000000300000000, 0x0000000800000000)
  region size 16384K, 2 young (32768K), 2 survivors (32768K)
 Metaspace       used 4814K, committed 5056K, reserved 1114112K
  class space    used 487K, committed 640K, reserved 1048576K
}
Event: 3.259 GC heap before
{Heap before GC invocations=5 (full 0):
 garbage-first heap   total 262144K, used 141442K [0x0000000300000000, 0x0000000800000000)
  region size 16384K, 9 young (147456K), 2 survivors (32768K)
 Metaspace       used 14495K, committed 14720K, reserved 1114112K
  class space    used 1764K, committed 1856K, reserved 1048576K
}
Event: 3.263 GC heap after
{Heap after GC invocations=6 (full 0):
 garbage-first heap   total 262144K, used 33850K [0x0000000300000000, 0x0000000800000000)
  region size 16384K, 2 young (32768K), 2 survivors (32768K)
 Metaspace       used 14495K, committed 14720K, reserved 1114112K
  class space    used 1764K, committed 1856K, reserved 1048576K
}
Event: 5.449 GC heap before
{Heap before GC invocations=6 (full 0):
 garbage-first heap   total 262144K, used 148538K [0x0000000300000000, 0x0000000800000000)
  region size 16384K, 9 young (147456K), 2 survivors (32768K)
 Metaspace       used 14550K, committed 14784K, reserved 1114112K
  class space    used 1766K, committed 1856K, reserved 1048576K
}
Event: 5.454 GC heap after
{Heap after GC invocations=7 (full 0):
 garbage-first heap   total 262144K, used 42760K [0x0000000300000000, 0x0000000800000000)
  region size 16384K, 2 young (32768K), 2 survivors (32768K)
 Metaspace       used 14550K, committed 14784K, reserved 1114112K
  class space    used 1766K, committed 1856K, reserved 1048576K
}
Event: 6.583 GC heap before
{Heap before GC invocations=7 (full 0):
 garbage-first heap   total 262144K, used 157448K [0x0000000300000000, 0x0000000800000000)
  region size 16384K, 9 young (147456K), 2 survivors (32768K)
 Metaspace       used 14603K, committed 14848K, reserved 1114112K
  class space    used 1766K, committed 1856K, reserved 1048576K
}
Event: 6.588 GC heap after
{Heap after GC invocations=8 (full 0):
 garbage-first heap   total 262144K, used 55325K [0x0000000300000000, 0x0000000800000000)
  region size 16384K, 2 young (32768K), 2 survivors (32768K)
 Metaspace       used 14603K, committed 14848K, reserved 1114112K
  class space    used 1766K, committed 1856K, reserved 1048576K
}
Event: 8.583 GC heap before
{Heap before GC invocations=8 (full 0):
 garbage-first heap   total 262144K, used 170013K [0x0000000300000000, 0x0000000800000000)
  region size 16384K, 9 young (147456K), 2 survivors (32768K)
 Metaspace       used 14679K, committed 14976K, reserved 1114112K
  class space    used 1768K, committed 1920K, reserved 1048576K
}
Event: 8.590 GC heap after
{Heap after GC invocations=9 (full 0):
 garbage-first heap   total 262144K, used 63212K [0x0000000300000000, 0x0000000800000000)
  region size 16384K, 2 young (32768K), 2 survivors (32768K)
 Metaspace       used 14679K, committed 14976K, reserved 1114112K
  class space    used 1768K, committed 1920K, reserved 1048576K
}
Event: 11.472 GC heap before
{Heap before GC invocations=9 (full 0):
 garbage-first heap   total 262144K, used 177900K [0x0000000300000000, 0x0000000800000000)
  region size 16384K, 9 young (147456K), 2 survivors (32768K)
 Metaspace       used 14727K, committed 14976K, reserved 1114112K
  class space    used 1769K, committed 1920K, reserved 1048576K
}
Event: 11.476 GC heap after
{Heap after GC invocations=10 (full 0):
 garbage-first heap   total 262144K, used 74918K [0x0000000300000000, 0x0000000800000000)
  region size 16384K, 2 young (32768K), 2 survivors (32768K)
 Metaspace       used 14727K, committed 14976K, reserved 1114112K
  class space    used 1769K, committed 1920K, reserved 1048576K
}
Event: 12.439 GC heap before
{Heap before GC invocations=10 (full 0):
 garbage-first heap   total 262144K, used 173222K [0x0000000300000000, 0x0000000800000000)
  region size 16384K, 8 young (131072K), 2 survivors (32768K)
 Metaspace       used 14805K, committed 15104K, reserved 1114112K
  class space    used 1778K, committed 1984K, reserved 1048576K
}
Event: 12.445 GC heap after
{Heap after GC invocations=11 (full 0):
 garbage-first heap   total 262144K, used 89228K [0x0000000300000000, 0x0000000800000000)
  region size 16384K, 1 young (16384K), 1 survivors (16384K)
 Metaspace       used 14805K, committed 15104K, reserved 1114112K
  class space    used 1778K, committed 1984K, reserved 1048576K
}

