# JRE version: OpenJDK Runtime Environment Temurin-17.0.8+7 (17.0.8+7) (build 17.0.8+7)
# Java VM: OpenJDK 64-Bit Server VM Temurin-17.0.8+7 (17.0.8+7, mixed mode, sharing, tiered, compressed oops, compressed class ptrs, g1 gc, windows-amd64)
GC Precious Log:
 CPUs: 32 total, 32 available
 Memory: 32472M
 Large Page Support: Disabled
 NUMA Support: Disabled
 Compressed Oops: Enabled (Zero based)
 Heap Region Size: 16M
 Heap Min Capacity: 256M
 Heap Initial Capacity: 256M
 Heap Max Capacity: 20G
 Pre-touch: Disabled
 Parallel Workers: 23
 Concurrent Workers: 6
 Concurrent Refinement Workers: 23
 Periodic GC: Disabled
Heap:
 garbage-first heap   total 3227648K, used 2529456K [0x0000000300000000, 0x0000000800000000)
  region size 16384K, 68 young (1114112K), 3 survivors (49152K)
 Metaspace       used 461343K, committed 464256K, reserved 1441792K
  class space    used 112392K, committed 113664K, reserved 1048576K
GC Heap History (20 events):
Event: 73.683 GC heap before
{Heap before GC invocations=65 (full 0):
 garbage-first heap   total 3227648K, used 2643901K [0x0000000300000000, 0x0000000800000000)
  region size 16384K, 93 young (1523712K), 5 survivors (81920K)
 Metaspace       used 381612K, committed 384320K, reserved 1376256K
  class space    used 92881K, committed 94080K, reserved 1048576K
}
Event: 73.701 GC heap after
{Heap after GC invocations=66 (full 0):
 garbage-first heap   total 3227648K, used 1224840K [0x0000000300000000, 0x0000000800000000)
  region size 16384K, 6 young (98304K), 6 survivors (98304K)
 Metaspace       used 381612K, committed 384320K, reserved 1376256K
  class space    used 92881K, committed 94080K, reserved 1048576K
}
Event: 73.711 GC heap before
{Heap before GC invocations=66 (full 0):
 garbage-first heap   total 3227648K, used 1273992K [0x0000000300000000, 0x0000000800000000)
  region size 16384K, 9 young (147456K), 6 survivors (98304K)
 Metaspace       used 381613K, committed 384320K, reserved 1376256K
  class space    used 92881K, committed 94080K, reserved 1048576K
}
Event: 73.725 GC heap after
{Heap after GC invocations=67 (full 0):
 garbage-first heap   total 3227648K, used 1219328K [0x0000000300000000, 0x0000000800000000)
  region size 16384K, 1 young (16384K), 1 survivors (16384K)
 Metaspace       used 381613K, committed 384320K, reserved 1376256K
  class space    used 92881K, committed 94080K, reserved 1048576K
}
Event: 73.862 GC heap before
{Heap before GC invocations=67 (full 0):
 garbage-first heap   total 3227648K, used 2677504K [0x0000000300000000, 0x0000000800000000)
  region size 16384K, 90 young (1474560K), 1 survivors (16384K)
 Metaspace       used 381667K, committed 384448K, reserved 1376256K
  class space    used 92894K, committed 94144K, reserved 1048576K
}
Event: 73.864 GC heap after
{Heap after GC invocations=68 (full 0):
 garbage-first heap   total 3227648K, used 1208875K [0x0000000300000000, 0x0000000800000000)
  region size 16384K, 1 young (16384K), 1 survivors (16384K)
 Metaspace       used 381667K, committed 384448K, reserved 1376256K
  class space    used 92894K, committed 94144K, reserved 1048576K
}
Event: 73.965 GC heap before
{Heap before GC invocations=68 (full 0):
 garbage-first heap   total 3227648K, used 2699819K [0x0000000300000000, 0x0000000800000000)
  region size 16384K, 92 young (1507328K), 1 survivors (16384K)
 Metaspace       used 381668K, committed 384448K, reserved 1376256K
  class space    used 92894K, committed 94144K, reserved 1048576K
}
Event: 73.967 GC heap after
{Heap after GC invocations=69 (full 0):
 garbage-first heap   total 3227648K, used 1206114K [0x0000000300000000, 0x0000000800000000)
  region size 16384K, 1 young (16384K), 1 survivors (16384K)
 Metaspace       used 381668K, committed 384448K, reserved 1376256K
  class space    used 92894K, committed 94144K, reserved 1048576K
}
Event: 74.077 GC heap before
{Heap before GC invocations=69 (full 0):
 garbage-first heap   total 3227648K, used 2729826K [0x0000000300000000, 0x0000000800000000)
  region size 16384K, 94 young (1540096K), 1 survivors (16384K)
 Metaspace       used 381670K, committed 384448K, reserved 1376256K
  class space    used 92894K, committed 94144K, reserved 1048576K
}
Event: 74.079 GC heap after
{Heap after GC invocations=70 (full 0):
 garbage-first heap   total 3227648K, used 1205413K [0x0000000300000000, 0x0000000800000000)
  region size 16384K, 1 young (16384K), 1 survivors (16384K)
 Metaspace       used 381670K, committed 384448K, reserved 1376256K
  class space    used 92894K, committed 94144K, reserved 1048576K
}
Event: 74.181 GC heap before
{Heap before GC invocations=70 (full 0):
 garbage-first heap   total 3227648K, used 2761893K [0x0000000300000000, 0x0000000800000000)
  region size 16384K, 96 young (1572864K), 1 survivors (16384K)
 Metaspace       used 381670K, committed 384448K, reserved 1376256K
  class space    used 92894K, committed 94144K, reserved 1048576K
}
Event: 74.183 GC heap after
{Heap after GC invocations=71 (full 0):
 garbage-first heap   total 3227648K, used 1205310K [0x0000000300000000, 0x0000000800000000)
  region size 16384K, 1 young (16384K), 1 survivors (16384K)
 Metaspace       used 381670K, committed 384448K, reserved 1376256K
  class space    used 92894K, committed 94144K, reserved 1048576K
}
Event: 74.296 GC heap before
{Heap before GC invocations=71 (full 0):
 garbage-first heap   total 3227648K, used 2778174K [0x0000000300000000, 0x0000000800000000)
  region size 16384K, 97 young (1589248K), 1 survivors (16384K)
 Metaspace       used 381673K, committed 384448K, reserved 1376256K
  class space    used 92894K, committed 94144K, reserved 1048576K
}
Event: 74.298 GC heap after
{Heap after GC invocations=72 (full 0):
 garbage-first heap   total 3227648K, used 1205296K [0x0000000300000000, 0x0000000800000000)
  region size 16384K, 1 young (16384K), 1 survivors (16384K)
 Metaspace       used 381673K, committed 384448K, reserved 1376256K
  class space    used 92894K, committed 94144K, reserved 1048576K
}
Event: 74.420 GC heap before
{Heap before GC invocations=72 (full 0):
 garbage-first heap   total 3227648K, used 2794544K [0x0000000300000000, 0x0000000800000000)
  region size 16384K, 98 young (1605632K), 1 survivors (16384K)
 Metaspace       used 381680K, committed 384448K, reserved 1376256K
  class space    used 92896K, committed 94144K, reserved 1048576K
}
Event: 74.422 GC heap after
{Heap after GC invocations=73 (full 0):
 garbage-first heap   total 3227648K, used 1205503K [0x0000000300000000, 0x0000000800000000)
  region size 16384K, 1 young (16384K), 1 survivors (16384K)
 Metaspace       used 381680K, committed 384448K, reserved 1376256K
  class space    used 92896K, committed 94144K, reserved 1048576K
}
Event: 77.574 GC heap before
{Heap before GC invocations=73 (full 0):
 garbage-first heap   total 3227648K, used 2794751K [0x0000000300000000, 0x0000000800000000)
  region size 16384K, 99 young (1622016K), 1 survivors (16384K)
 Metaspace       used 400981K, committed 403776K, reserved 1376256K
  class space    used 96945K, committed 98176K, reserved 1048576K
}
Event: 77.606 GC heap after
{Heap after GC invocations=74 (full 0):
 garbage-first heap   total 3227648K, used 1347285K [0x0000000300000000, 0x0000000800000000)
  region size 16384K, 9 young (147456K), 9 survivors (147456K)
 Metaspace       used 400981K, committed 403776K, reserved 1376256K
  class space    used 96945K, committed 98176K, reserved 1048576K
}
Event: 79.329 GC heap before
{Heap before GC invocations=74 (full 0):
 garbage-first heap   total 3227648K, used 2723541K [0x0000000300000000, 0x0000000800000000)
  region size 16384K, 93 young (1523712K), 9 survivors (147456K)
 Metaspace       used 419549K, committed 422400K, reserved 1376256K
  class space    used 100886K, committed 102144K, reserved 1048576K
}
Event: 79.373 GC heap after
{Heap after GC invocations=75 (full 0):
 garbage-first heap   total 3227648K, used 1382576K [0x0000000300000000, 0x0000000800000000)
  region size 16384K, 3 young (49152K), 3 survivors (49152K)
 Metaspace       used 419549K, committed 422400K, reserved 1376256K
  class space    used 100886K, committed 102144K, reserved 1048576K
}

